Saving ws-inspire-wfs2.h


**  The gSOAP WSDL/WADL/XSD processor for C and C++, wsdl2h release 2.8.92
**  Copyright (C) 2000-2019 Robert van Engelen, Genivia Inc.
**  All Rights Reserved. This product is provided "as is", without any warranty.
**  The wsdl2h tool and its generated software are released under the GPL.
**  ----------------------------------------------------------------------------
**  A commercial use license is available from Genivia Inc., contact@genivia.com
**  ----------------------------------------------------------------------------

Reading type definitions from type map "../typemap.dat"
Reading 'ws-inspire-wfs2.wsdl'...
  Reading schema './wfs-util.xsd'...
  Done reading './wfs-util.xsd'
  Connecting to 'http://schemas.opengis.net/ows/1.1.0/owsExceptionReport.xsd' to retrieve schema... connected, receiving...
    Connecting to 'http://schemas.opengis.net/ows/1.1.0/owsAll.xsd' to retrieve schema... connected, receiving...
      Connecting to 'http://schemas.opengis.net/ows/1.1.0/owsGetResourceByID.xsd' to retrieve schema... connected, receiving...
        Connecting to 'http://schemas.opengis.net/ows/1.1.0/owsDataIdentification.xsd' to retrieve schema... connected, receiving...
          Connecting to 'http://schemas.opengis.net/ows/1.1.0/owsCommon.xsd' to retrieve schema... connected, receiving...
            Connecting to 'http://www.w3.org/1999/xlink.xsd' to retrieve schema... connected, receiving...
            Done reading 'http://www.w3.org/1999/xlink.xsd'
          Done reading 'http://schemas.opengis.net/ows/1.1.0/owsCommon.xsd'
          Connecting to 'http://schemas.opengis.net/ows/1.1.0/ows19115subset.xsd' to retrieve schema... connected, receiving...
          Done reading 'http://schemas.opengis.net/ows/1.1.0/ows19115subset.xsd'
        Done reading 'http://schemas.opengis.net/ows/1.1.0/owsDataIdentification.xsd'
        Connecting to 'http://schemas.opengis.net/ows/1.1.0/owsGetCapabilities.xsd' to retrieve schema... connected, receiving...
          Connecting to 'http://schemas.opengis.net/ows/1.1.0/owsServiceIdentification.xsd' to retrieve schema... connected, receiving...
          Done reading 'http://schemas.opengis.net/ows/1.1.0/owsServiceIdentification.xsd'
          Connecting to 'http://schemas.opengis.net/ows/1.1.0/owsServiceProvider.xsd' to retrieve schema... connected, receiving...
          Done reading 'http://schemas.opengis.net/ows/1.1.0/owsServiceProvider.xsd'
          Connecting to 'http://schemas.opengis.net/ows/1.1.0/owsOperationsMetadata.xsd' to retrieve schema... connected, receiving...
            Connecting to 'http://schemas.opengis.net/ows/1.1.0/owsDomainType.xsd' to retrieve schema... connected, receiving...
            Done reading 'http://schemas.opengis.net/ows/1.1.0/owsDomainType.xsd'
          Done reading 'http://schemas.opengis.net/ows/1.1.0/owsOperationsMetadata.xsd'
        Done reading 'http://schemas.opengis.net/ows/1.1.0/owsGetCapabilities.xsd'
      Done reading 'http://schemas.opengis.net/ows/1.1.0/owsGetResourceByID.xsd'
      Connecting to 'http://schemas.opengis.net/ows/1.1.0/owsExceptionReport.xsd' to retrieve schema... connected, receiving...
      Done reading 'http://schemas.opengis.net/ows/1.1.0/owsExceptionReport.xsd'
      Connecting to 'http://schemas.opengis.net/ows/1.1.0/owsContents.xsd' to retrieve schema... connected, receiving...
      Done reading 'http://schemas.opengis.net/ows/1.1.0/owsContents.xsd'
      Connecting to 'http://schemas.opengis.net/ows/1.1.0/owsInputOutputData.xsd' to retrieve schema... connected, receiving...
        Connecting to 'http://schemas.opengis.net/ows/1.1.0/owsManifest.xsd' to retrieve schema... connected, receiving...
        Done reading 'http://schemas.opengis.net/ows/1.1.0/owsManifest.xsd'
      Done reading 'http://schemas.opengis.net/ows/1.1.0/owsInputOutputData.xsd'
    Done reading 'http://schemas.opengis.net/ows/1.1.0/owsAll.xsd'
  Done reading 'http://schemas.opengis.net/ows/1.1.0/owsExceptionReport.xsd'
  Connecting to 'http://inspire.ec.europa.eu/schemas/inspire_dls/1.0/inspire_dls.xsd' to retrieve schema... connected, receiving...
    Connecting to 'http://schemas.opengis.net/ows/1.1.0/owsAll.xsd' to retrieve schema... connected, receiving...
    Done reading 'http://schemas.opengis.net/ows/1.1.0/owsAll.xsd'
    Connecting to 'http://inspire.ec.europa.eu/schemas/common/1.0/common.xsd' to retrieve schema... connected, receiving...
      Connecting to 'http://inspire.ec.europa.eu/schemas/common/1.0/network.xsd' to retrieve schema... connected, receiving...
      Done reading 'http://inspire.ec.europa.eu/schemas/common/1.0/network.xsd'
      Connecting to 'http://inspire.ec.europa.eu/schemas/common/1.0/enums/enum_bul.xsd' to retrieve schema... connected, receiving...
      Done reading 'http://inspire.ec.europa.eu/schemas/common/1.0/enums/enum_bul.xsd'
      Connecting to 'http://inspire.ec.europa.eu/schemas/common/1.0/enums/enum_cze.xsd' to retrieve schema... connected, receiving...
      Done reading 'http://inspire.ec.europa.eu/schemas/common/1.0/enums/enum_cze.xsd'
      Connecting to 'http://inspire.ec.europa.eu/schemas/common/1.0/enums/enum_dan.xsd' to retrieve schema... connected, receiving...
      Done reading 'http://inspire.ec.europa.eu/schemas/common/1.0/enums/enum_dan.xsd'
      Connecting to 'http://inspire.ec.europa.eu/schemas/common/1.0/enums/enum_dut.xsd' to retrieve schema... connected, receiving...
      Done reading 'http://inspire.ec.europa.eu/schemas/common/1.0/enums/enum_dut.xsd'
      Connecting to 'http://inspire.ec.europa.eu/schemas/common/1.0/enums/enum_eng.xsd' to retrieve schema... connected, receiving...
      Done reading 'http://inspire.ec.europa.eu/schemas/common/1.0/enums/enum_eng.xsd'
      Connecting to 'http://inspire.ec.europa.eu/schemas/common/1.0/enums/enum_est.xsd' to retrieve schema... connected, receiving...
      Done reading 'http://inspire.ec.europa.eu/schemas/common/1.0/enums/enum_est.xsd'
      Connecting to 'http://inspire.ec.europa.eu/schemas/common/1.0/enums/enum_fin.xsd' to retrieve schema... connected, receiving...
      Done reading 'http://inspire.ec.europa.eu/schemas/common/1.0/enums/enum_fin.xsd'
      Connecting to 'http://inspire.ec.europa.eu/schemas/common/1.0/enums/enum_fre.xsd' to retrieve schema... connected, receiving...
      Done reading 'http://inspire.ec.europa.eu/schemas/common/1.0/enums/enum_fre.xsd'
      Connecting to 'http://inspire.ec.europa.eu/schemas/common/1.0/enums/enum_ger.xsd' to retrieve schema... connected, receiving...
      Done reading 'http://inspire.ec.europa.eu/schemas/common/1.0/enums/enum_ger.xsd'
      Connecting to 'http://inspire.ec.europa.eu/schemas/common/1.0/enums/enum_gle.xsd' to retrieve schema... connected, receiving...
      Done reading 'http://inspire.ec.europa.eu/schemas/common/1.0/enums/enum_gle.xsd'
      Connecting to 'http://inspire.ec.europa.eu/schemas/common/1.0/enums/enum_gre.xsd' to retrieve schema... connected, receiving...
      Done reading 'http://inspire.ec.europa.eu/schemas/common/1.0/enums/enum_gre.xsd'
      Connecting to 'http://inspire.ec.europa.eu/schemas/common/1.0/enums/enum_hun.xsd' to retrieve schema... connected, receiving...
      Done reading 'http://inspire.ec.europa.eu/schemas/common/1.0/enums/enum_hun.xsd'
      Connecting to 'http://inspire.ec.europa.eu/schemas/common/1.0/enums/enum_ita.xsd' to retrieve schema... connected, receiving...
      Done reading 'http://inspire.ec.europa.eu/schemas/common/1.0/enums/enum_ita.xsd'
      Connecting to 'http://inspire.ec.europa.eu/schemas/common/1.0/enums/enum_lav.xsd' to retrieve schema... connected, receiving...
      Done reading 'http://inspire.ec.europa.eu/schemas/common/1.0/enums/enum_lav.xsd'
      Connecting to 'http://inspire.ec.europa.eu/schemas/common/1.0/enums/enum_lit.xsd' to retrieve schema... connected, receiving...
      Done reading 'http://inspire.ec.europa.eu/schemas/common/1.0/enums/enum_lit.xsd'
      Connecting to 'http://inspire.ec.europa.eu/schemas/common/1.0/enums/enum_mlt.xsd' to retrieve schema... connected, receiving...
      Done reading 'http://inspire.ec.europa.eu/schemas/common/1.0/enums/enum_mlt.xsd'
      Connecting to 'http://inspire.ec.europa.eu/schemas/common/1.0/enums/enum_pol.xsd' to retrieve schema... connected, receiving...
      Done reading 'http://inspire.ec.europa.eu/schemas/common/1.0/enums/enum_pol.xsd'
      Connecting to 'http://inspire.ec.europa.eu/schemas/common/1.0/enums/enum_por.xsd' to retrieve schema... connected, receiving...
      Done reading 'http://inspire.ec.europa.eu/schemas/common/1.0/enums/enum_por.xsd'
      Connecting to 'http://inspire.ec.europa.eu/schemas/common/1.0/enums/enum_rum.xsd' to retrieve schema... connected, receiving...
      Done reading 'http://inspire.ec.europa.eu/schemas/common/1.0/enums/enum_rum.xsd'
      Connecting to 'http://inspire.ec.europa.eu/schemas/common/1.0/enums/enum_slo.xsd' to retrieve schema... connected, receiving...
      Done reading 'http://inspire.ec.europa.eu/schemas/common/1.0/enums/enum_slo.xsd'
      Connecting to 'http://inspire.ec.europa.eu/schemas/common/1.0/enums/enum_slv.xsd' to retrieve schema... connected, receiving...
      Done reading 'http://inspire.ec.europa.eu/schemas/common/1.0/enums/enum_slv.xsd'
      Connecting to 'http://inspire.ec.europa.eu/schemas/common/1.0/enums/enum_spa.xsd' to retrieve schema... connected, receiving...
      Done reading 'http://inspire.ec.europa.eu/schemas/common/1.0/enums/enum_spa.xsd'
      Connecting to 'http://inspire.ec.europa.eu/schemas/common/1.0/enums/enum_swe.xsd' to retrieve schema... connected, receiving...
      Done reading 'http://inspire.ec.europa.eu/schemas/common/1.0/enums/enum_swe.xsd'
    Done reading 'http://inspire.ec.europa.eu/schemas/common/1.0/common.xsd'
  Done reading 'http://inspire.ec.europa.eu/schemas/inspire_dls/1.0/inspire_dls.xsd'
  Reading schema 'wfs.xsd'...
    Connecting to 'http://schemas.opengis.net/filter/2.0/filterAll.xsd' to retrieve schema... connected, receiving...
      Connecting to 'http://schemas.opengis.net/filter/2.0/query.xsd' to retrieve schema... connected, receiving...
        Connecting to 'http://schemas.opengis.net/filter/2.0/filterAll.xsd' to retrieve schema... connected, receiving...
          Connecting to 'http://schemas.opengis.net/filter/2.0/filter.xsd' to retrieve schema... connected, receiving...
            Connecting to 'http://schemas.opengis.net/filter/2.0/expr.xsd' to retrieve schema... connected, receiving...
            Done reading 'http://schemas.opengis.net/filter/2.0/expr.xsd'
            Connecting to 'http://schemas.opengis.net/filter/2.0/filterCapabilities.xsd' to retrieve schema... connected, receiving...
            Done reading 'http://schemas.opengis.net/filter/2.0/filterCapabilities.xsd'
          Done reading 'http://schemas.opengis.net/filter/2.0/filter.xsd'
          Connecting to 'http://schemas.opengis.net/filter/2.0/sort.xsd' to retrieve schema... connected, receiving...
          Done reading 'http://schemas.opengis.net/filter/2.0/sort.xsd'
        Done reading 'http://schemas.opengis.net/filter/2.0/filterAll.xsd'
      Done reading 'http://schemas.opengis.net/filter/2.0/query.xsd'
    Done reading 'http://schemas.opengis.net/filter/2.0/filterAll.xsd'
  Done reading 'wfs.xsd'
Done reading 'ws-inspire-wfs2.wsdl'

Note: option -p auto-enabled to generate wrappers for built-in types derived from xsd__anyType to support polymorphism in XML by (de)serializing any derived type of xsd:anyType (or xsd:anySimpleType) as elements annotated by xsi:type attributes in XML, use option -P to suppress and disable this feature

To finalize code generation, execute:
> soapcpp2 ws-inspire-wfs2.h
Or to generate C++ proxy and service classes:
> soapcpp2 -j ws-inspire-wfs2.h

