Saving PlannedLandUse_v3.0.h


**  The gSOAP WSDL/WADL/XSD processor for C and C++, wsdl2h release 2.8.40
**  Copyright (C) 2000-2016 Robert van Engelen, Genivia Inc.
**  All Rights Reserved. This product is provided "as is", without any warranty.
**  The wsdl2h tool and its generated software are released under the GPL.
**  ----------------------------------------------------------------------------
**  A commercial use license is available from Genivia Inc., contact@genivia.com
**  ----------------------------------------------------------------------------

Reading type definitions from type map "../typemap.dat"
Reading 'PlannedLandUse_v3.0.xsd'...
  Connecting to 'http://inspire.ec.europa.eu/schemas/base/3.3/BaseTypes.xsd' to retrieve schema... connected, receiving...
    Connecting to 'http://schemas.opengis.net/iso/19139/20070417/gmd/gmd.xsd' to retrieve schema... connected, receiving...
      Connecting to 'http://schemas.opengis.net/iso/19139/20070417/gmd/metadataApplication.xsd' to retrieve schema... connected, receiving...
        Connecting to 'http://schemas.opengis.net/iso/19139/20070417/gco/gco.xsd' to retrieve schema... connected, receiving...
          Connecting to 'http://schemas.opengis.net/iso/19139/20070417/gco/basicTypes.xsd' to retrieve schema... connected, receiving...
            Connecting to 'http://schemas.opengis.net/gml/3.2.1/gml.xsd' to retrieve schema... connected, receiving...
              Connecting to 'http://schemas.opengis.net/gml/3.2.1/dynamicFeature.xsd' to retrieve schema... connected, receiving...
                Connecting to 'http://schemas.opengis.net/gml/3.2.1/gml.xsd' to retrieve schema... connected, receiving...
                  Connecting to 'http://schemas.opengis.net/gml/3.2.1/topology.xsd' to retrieve schema... connected, receiving...
                    Connecting to 'http://schemas.opengis.net/gml/3.2.1/geometryComplexes.xsd' to retrieve schema... connected, receiving...
                      Connecting to 'http://schemas.opengis.net/gml/3.2.1/geometryAggregates.xsd' to retrieve schema... connected, receiving...
                        Connecting to 'http://schemas.opengis.net/gml/3.2.1/geometryPrimitives.xsd' to retrieve schema... connected, receiving...
                          Connecting to 'http://schemas.opengis.net/gml/3.2.1/geometryBasic2d.xsd' to retrieve schema... connected, receiving...
                            Connecting to 'http://schemas.opengis.net/gml/3.2.1/geometryBasic0d1d.xsd' to retrieve schema... connected, receiving...
                              Connecting to 'http://schemas.opengis.net/gml/3.2.1/measures.xsd' to retrieve schema... connected, receiving...
                                Connecting to 'http://schemas.opengis.net/gml/3.2.1/units.xsd' to retrieve schema... connected, receiving...
                                  Connecting to 'http://schemas.opengis.net/gml/3.2.1/dictionary.xsd' to retrieve schema... connected, receiving...
                                    Connecting to 'http://schemas.opengis.net/gml/3.2.1/gmlBase.xsd' to retrieve schema... connected, receiving...
                                      Connecting to 'http://www.w3.org/1999/xlink.xsd' to retrieve schema... connected, receiving...
                                      Done reading 'http://www.w3.org/1999/xlink.xsd'
                                      Connecting to 'http://schemas.opengis.net/gml/3.2.1/basicTypes.xsd' to retrieve schema... connected, receiving...
                                      Done reading 'http://schemas.opengis.net/gml/3.2.1/basicTypes.xsd'
                                    Done reading 'http://schemas.opengis.net/gml/3.2.1/gmlBase.xsd'
                                  Done reading 'http://schemas.opengis.net/gml/3.2.1/dictionary.xsd'
                                Done reading 'http://schemas.opengis.net/gml/3.2.1/units.xsd'
                              Done reading 'http://schemas.opengis.net/gml/3.2.1/measures.xsd'
                            Done reading 'http://schemas.opengis.net/gml/3.2.1/geometryBasic0d1d.xsd'
                          Done reading 'http://schemas.opengis.net/gml/3.2.1/geometryBasic2d.xsd'
                        Done reading 'http://schemas.opengis.net/gml/3.2.1/geometryPrimitives.xsd'
                      Done reading 'http://schemas.opengis.net/gml/3.2.1/geometryAggregates.xsd'
                    Done reading 'http://schemas.opengis.net/gml/3.2.1/geometryComplexes.xsd'
                  Done reading 'http://schemas.opengis.net/gml/3.2.1/topology.xsd'
                  Connecting to 'http://schemas.opengis.net/gml/3.2.1/coverage.xsd' to retrieve schema... connected, receiving...
                    Connecting to 'http://schemas.opengis.net/gml/3.2.1/feature.xsd' to retrieve schema... connected, receiving...
                      Connecting to 'http://schemas.opengis.net/gml/3.2.1/temporal.xsd' to retrieve schema... connected, receiving...
                      Done reading 'http://schemas.opengis.net/gml/3.2.1/temporal.xsd'
                    Done reading 'http://schemas.opengis.net/gml/3.2.1/feature.xsd'
                    Connecting to 'http://schemas.opengis.net/gml/3.2.1/valueObjects.xsd' to retrieve schema... connected, receiving...
                    Done reading 'http://schemas.opengis.net/gml/3.2.1/valueObjects.xsd'
                    Connecting to 'http://schemas.opengis.net/gml/3.2.1/grids.xsd' to retrieve schema... connected, receiving...
                    Done reading 'http://schemas.opengis.net/gml/3.2.1/grids.xsd'
                  Done reading 'http://schemas.opengis.net/gml/3.2.1/coverage.xsd'
                  Connecting to 'http://schemas.opengis.net/gml/3.2.1/coordinateReferenceSystems.xsd' to retrieve schema... connected, receiving...
                    Connecting to 'http://schemas.opengis.net/gml/3.2.1/coordinateSystems.xsd' to retrieve schema... connected, receiving...
                      Connecting to 'http://schemas.opengis.net/gml/3.2.1/referenceSystems.xsd' to retrieve schema... connected, receiving...
                      Done reading 'http://schemas.opengis.net/gml/3.2.1/referenceSystems.xsd'
                    Done reading 'http://schemas.opengis.net/gml/3.2.1/coordinateSystems.xsd'
                    Connecting to 'http://schemas.opengis.net/gml/3.2.1/datums.xsd' to retrieve schema... connected, receiving...
                    Done reading 'http://schemas.opengis.net/gml/3.2.1/datums.xsd'
                    Connecting to 'http://schemas.opengis.net/gml/3.2.1/coordinateOperations.xsd' to retrieve schema... connected, receiving...
                    Done reading 'http://schemas.opengis.net/gml/3.2.1/coordinateOperations.xsd'
                  Done reading 'http://schemas.opengis.net/gml/3.2.1/coordinateReferenceSystems.xsd'
                  Connecting to 'http://schemas.opengis.net/gml/3.2.1/observation.xsd' to retrieve schema... connected, receiving...
                    Connecting to 'http://schemas.opengis.net/gml/3.2.1/direction.xsd' to retrieve schema... connected, receiving...
                    Done reading 'http://schemas.opengis.net/gml/3.2.1/direction.xsd'
                  Done reading 'http://schemas.opengis.net/gml/3.2.1/observation.xsd'
                  Connecting to 'http://schemas.opengis.net/gml/3.2.1/temporalReferenceSystems.xsd' to retrieve schema... connected, receiving...
                    Connecting to 'http://schemas.opengis.net/gml/3.2.1/temporalTopology.xsd' to retrieve schema... connected, receiving...
                    Done reading 'http://schemas.opengis.net/gml/3.2.1/temporalTopology.xsd'
                  Done reading 'http://schemas.opengis.net/gml/3.2.1/temporalReferenceSystems.xsd'
                  Connecting to 'http://schemas.opengis.net/gml/3.2.1/deprecatedTypes.xsd' to retrieve schema... connected, receiving...
                  Done reading 'http://schemas.opengis.net/gml/3.2.1/deprecatedTypes.xsd'
                Done reading 'http://schemas.opengis.net/gml/3.2.1/gml.xsd'
              Done reading 'http://schemas.opengis.net/gml/3.2.1/dynamicFeature.xsd'
            Done reading 'http://schemas.opengis.net/gml/3.2.1/gml.xsd'
            Connecting to 'http://schemas.opengis.net/iso/19139/20070417/gco/gco.xsd' to retrieve schema... connected, receiving...
            Done reading 'http://schemas.opengis.net/iso/19139/20070417/gco/gco.xsd'
            Connecting to 'http://schemas.opengis.net/iso/19139/20070417/gco/gcoBase.xsd' to retrieve schema... connected, receiving...
            Done reading 'http://schemas.opengis.net/iso/19139/20070417/gco/gcoBase.xsd'
          Done reading 'http://schemas.opengis.net/iso/19139/20070417/gco/basicTypes.xsd'
        Done reading 'http://schemas.opengis.net/iso/19139/20070417/gco/gco.xsd'
        Connecting to 'http://schemas.opengis.net/iso/19139/20070417/gmd/gmd.xsd' to retrieve schema... connected, receiving...
        Done reading 'http://schemas.opengis.net/iso/19139/20070417/gmd/gmd.xsd'
        Connecting to 'http://schemas.opengis.net/iso/19139/20070417/gmd/metadataEntity.xsd' to retrieve schema... connected, receiving...
          Connecting to 'http://schemas.opengis.net/iso/19139/20070417/gmd/spatialRepresentation.xsd' to retrieve schema... connected, receiving...
            Connecting to 'http://schemas.opengis.net/iso/19139/20070417/gss/gss.xsd' to retrieve schema... connected, receiving...
              Connecting to 'http://schemas.opengis.net/iso/19139/20070417/gss/geometry.xsd' to retrieve schema... connected, receiving...
                Connecting to 'http://schemas.opengis.net/iso/19139/20070417/gss/gss.xsd' to retrieve schema... connected, receiving...
                Done reading 'http://schemas.opengis.net/iso/19139/20070417/gss/gss.xsd'
              Done reading 'http://schemas.opengis.net/iso/19139/20070417/gss/geometry.xsd'
            Done reading 'http://schemas.opengis.net/iso/19139/20070417/gss/gss.xsd'
            Connecting to 'http://schemas.opengis.net/iso/19139/20070417/gmd/citation.xsd' to retrieve schema... connected, receiving...
              Connecting to 'http://schemas.opengis.net/iso/19139/20070417/gmd/referenceSystem.xsd' to retrieve schema... connected, receiving...
                Connecting to 'http://schemas.opengis.net/iso/19139/20070417/gmd/extent.xsd' to retrieve schema... connected, receiving...
                  Connecting to 'http://schemas.opengis.net/iso/19139/20070417/gts/gts.xsd' to retrieve schema... connected, receiving...
                    Connecting to 'http://schemas.opengis.net/iso/19139/20070417/gts/temporalObjects.xsd' to retrieve schema... connected, receiving...
                      Connecting to 'http://schemas.opengis.net/iso/19139/20070417/gts/gts.xsd' to retrieve schema... connected, receiving...
                      Done reading 'http://schemas.opengis.net/iso/19139/20070417/gts/gts.xsd'
                    Done reading 'http://schemas.opengis.net/iso/19139/20070417/gts/temporalObjects.xsd'
                  Done reading 'http://schemas.opengis.net/iso/19139/20070417/gts/gts.xsd'
                  Connecting to 'http://schemas.opengis.net/iso/19139/20070417/gsr/gsr.xsd' to retrieve schema... connected, receiving...
                    Connecting to 'http://schemas.opengis.net/iso/19139/20070417/gsr/spatialReferencing.xsd' to retrieve schema... connected, receiving...
                      Connecting to 'http://schemas.opengis.net/iso/19139/20070417/gsr/gsr.xsd' to retrieve schema... connected, receiving...
                      Done reading 'http://schemas.opengis.net/iso/19139/20070417/gsr/gsr.xsd'
                    Done reading 'http://schemas.opengis.net/iso/19139/20070417/gsr/spatialReferencing.xsd'
                  Done reading 'http://schemas.opengis.net/iso/19139/20070417/gsr/gsr.xsd'
                Done reading 'http://schemas.opengis.net/iso/19139/20070417/gmd/extent.xsd'
              Done reading 'http://schemas.opengis.net/iso/19139/20070417/gmd/referenceSystem.xsd'
            Done reading 'http://schemas.opengis.net/iso/19139/20070417/gmd/citation.xsd'
          Done reading 'http://schemas.opengis.net/iso/19139/20070417/gmd/spatialRepresentation.xsd'
          Connecting to 'http://schemas.opengis.net/iso/19139/20070417/gmd/metadataExtension.xsd' to retrieve schema... connected, receiving...
          Done reading 'http://schemas.opengis.net/iso/19139/20070417/gmd/metadataExtension.xsd'
          Connecting to 'http://schemas.opengis.net/iso/19139/20070417/gmd/content.xsd' to retrieve schema... connected, receiving...
          Done reading 'http://schemas.opengis.net/iso/19139/20070417/gmd/content.xsd'
          Connecting to 'http://schemas.opengis.net/iso/19139/20070417/gmd/applicationSchema.xsd' to retrieve schema... connected, receiving...
          Done reading 'http://schemas.opengis.net/iso/19139/20070417/gmd/applicationSchema.xsd'
          Connecting to 'http://schemas.opengis.net/iso/19139/20070417/gmd/portrayalCatalogue.xsd' to retrieve schema... connected, receiving...
          Done reading 'http://schemas.opengis.net/iso/19139/20070417/gmd/portrayalCatalogue.xsd'
          Connecting to 'http://schemas.opengis.net/iso/19139/20070417/gmd/dataQuality.xsd' to retrieve schema... connected, receiving...
            Connecting to 'http://schemas.opengis.net/iso/19139/20070417/gmd/identification.xsd' to retrieve schema... connected, receiving...
              Connecting to 'http://schemas.opengis.net/iso/19139/20070417/gmd/constraints.xsd' to retrieve schema... connected, receiving...
              Done reading 'http://schemas.opengis.net/iso/19139/20070417/gmd/constraints.xsd'
              Connecting to 'http://schemas.opengis.net/iso/19139/20070417/gmd/distribution.xsd' to retrieve schema... connected, receiving...
              Done reading 'http://schemas.opengis.net/iso/19139/20070417/gmd/distribution.xsd'
              Connecting to 'http://schemas.opengis.net/iso/19139/20070417/gmd/maintenance.xsd' to retrieve schema... connected, receiving...
              Done reading 'http://schemas.opengis.net/iso/19139/20070417/gmd/maintenance.xsd'
            Done reading 'http://schemas.opengis.net/iso/19139/20070417/gmd/identification.xsd'
          Done reading 'http://schemas.opengis.net/iso/19139/20070417/gmd/dataQuality.xsd'
          Connecting to 'http://schemas.opengis.net/iso/19139/20070417/gmd/freeText.xsd' to retrieve schema... connected, receiving...
          Done reading 'http://schemas.opengis.net/iso/19139/20070417/gmd/freeText.xsd'
        Done reading 'http://schemas.opengis.net/iso/19139/20070417/gmd/metadataEntity.xsd'
      Done reading 'http://schemas.opengis.net/iso/19139/20070417/gmd/metadataApplication.xsd'
    Done reading 'http://schemas.opengis.net/iso/19139/20070417/gmd/gmd.xsd'
  Done reading 'http://inspire.ec.europa.eu/schemas/base/3.3/BaseTypes.xsd'
  Reading schema 'BaseTypes2.xsd'...
    Connecting to 'http://portele.de/ShapeChangeAppinfo.xsd' to retrieve schema... connected, receiving...
    Done reading 'http://portele.de/ShapeChangeAppinfo.xsd'
  Done reading 'BaseTypes2.xsd'
  Reading schema 'LandUseNomenclature.xsd'...
  Done reading 'LandUseNomenclature.xsd'
Done reading 'PlannedLandUse_v3.0.xsd'

To finalize code generation, execute:
> soapcpp2 PlannedLandUse_v3.0.h
Or to generate C++ proxy and service classes:
> soapcpp2 -j PlannedLandUse_v3.0.h

